[85735:73219:1022/015915.238221:ERROR:token_service_table.cc(139)] Failed to decrypt token for service AccountId-111897898219360610982
[85735:259:1022/015921.182410:INFO:CONSOLE(2)] "ERROR TypeError: Cannot read properties of null (reading 'forEach')", source: https://n.trucklagbe.com/atest/main-es2015.7a9c9f384caa6655da74.js (2)
[85735:259:1022/015922.622683:INFO:CONSOLE(2)] "
      It looks like you're using the disabled attribute with a reactive form directive. If you set disabled to true
      when you set up this control in your component class, the disabled attribute will actually be set in the DOM for
      you. We recommend using this approach to avoid 'changed after checked' errors.
       
      Example: 
      form = new FormGroup({
        first: new FormControl({value: 'Nancy', disabled: true}, Validators.required),
        last: new FormControl('Drew', Validators.required)
      });
    ", source: https://n.trucklagbe.com/atest/main-es2015.7a9c9f384caa6655da74.js (2)
[85735:259:1022/015922.622869:INFO:CONSOLE(2)] "
      It looks like you're using the disabled attribute with a reactive form directive. If you set disabled to true
      when you set up this control in your component class, the disabled attribute will actually be set in the DOM for
      you. We recommend using this approach to avoid 'changed after checked' errors.
       
      Example: 
      form = new FormGroup({
        first: new FormControl({value: 'Nancy', disabled: true}, Validators.required),
        last: new FormControl('Drew', Validators.required)
      });
    ", source: https://n.trucklagbe.com/atest/main-es2015.7a9c9f384caa6655da74.js (2)
[85735:259:1022/015922.624889:INFO:CONSOLE(2)] "
      It looks like you're using the disabled attribute with a reactive form directive. If you set disabled to true
      when you set up this control in your component class, the disabled attribute will actually be set in the DOM for
      you. We recommend using this approach to avoid 'changed after checked' errors.
       
      Example: 
      form = new FormGroup({
        first: new FormControl({value: 'Nancy', disabled: true}, Validators.required),
        last: new FormControl('Drew', Validators.required)
      });
    ", source: https://n.trucklagbe.com/atest/main-es2015.7a9c9f384caa6655da74.js (2)
[85735:259:1022/015928.680144:INFO:CONSOLE(270)] "Your client application uses libraries for user authentication or authorization that will soon be deprecated. See the [Migration Guide](https://developers.google.com/identity/gsi/web/guides/gis-migration) for more information.", source: https://apis.google.com/_/scs/abc-static/_/js/k=gapi.lb.en.z9QjrzsHcOc.O/m=auth2/rt=j/sv=1/d=1/ed=1/rs=AHpOoo8359JQqZQ0dzCVJ5Ui3CZcERHEWA/cb=gapi.loaded_0?le=scs (270)
[85735:259:1022/015929.029918:WARNING:pref_notifier_impl.cc(41)] Pref observer for media_router.cast_allow_all_ips found at shutdown.
